# JRE version: OpenJDK Runtime Environment (8.0_242-b01) (build 1.8.0_242-release-1644-b01)
# Java VM: OpenJDK 64-Bit Server VM (25.242-b01 mixed mode windows-amd64 compressed oops)
Heap:
 PSYoungGen      total 356864K, used 202717K [0x00000000d5580000, 0x00000000efc80000, 0x0000000100000000)
  eden space 331264K, 56% used [0x00000000d5580000,0x00000000e0da1530,0x00000000e9900000)
  from space 25600K, 55% used [0x00000000e9900000,0x00000000ea6d5f20,0x00000000eb200000)
  to   space 25600K, 0% used [0x00000000ee380000,0x00000000ee380000,0x00000000efc80000)
 ParOldGen       total 95744K, used 52999K [0x0000000080000000, 0x0000000085d80000, 0x00000000d5580000)
  object space 95744K, 55% used [0x0000000080000000,0x00000000833c1d08,0x0000000085d80000)
 Metaspace       used 86077K, capacity 92380K, committed 92568K, reserved 1128448K
  class space    used 12126K, capacity 13380K, committed 13488K, reserved 1048576K
GC Heap History (10 events):
Event: 5.272 GC heap before
{Heap before GC invocations=12 (full 2):
 PSYoungGen      total 201728K, used 189440K [0x00000000d5580000, 0x00000000e6900000, 0x0000000100000000)
  eden space 189440K, 100% used [0x00000000d5580000,0x00000000e0e80000,0x00000000e0e80000)
  from space 12288K, 0% used [0x00000000e0e80000,0x00000000e0e80000,0x00000000e1a80000)
  to   space 13312K, 0% used [0x00000000e5c00000,0x00000000e5c00000,0x00000000e6900000)
 ParOldGen       total 59392K, used 16010K [0x0000000080000000, 0x0000000083a00000, 0x00000000d5580000)
  object space 59392K, 26% used [0x0000000080000000,0x0000000080fa2868,0x0000000083a00000)
 Metaspace       used 45383K, capacity 47184K, committed 47528K, reserved 1089536K
  class space    used 6150K, capacity 6500K, committed 6576K, reserved 1048576K
Event: 5.286 GC heap after
Heap after GC invocations=12 (full 2):
 PSYoungGen      total 266752K, used 13298K [0x00000000d5580000, 0x00000000e7000000, 0x0000000100000000)
  eden space 253440K, 0% used [0x00000000d5580000,0x00000000d5580000,0x00000000e4d00000)
  from space 13312K, 99% used [0x00000000e5c00000,0x00000000e68fca60,0x00000000e6900000)
  to   space 15360K, 0% used [0x00000000e4d00000,0x00000000e4d00000,0x00000000e5c00000)
 ParOldGen       total 59392K, used 17641K [0x0000000080000000, 0x0000000083a00000, 0x00000000d5580000)
  object space 59392K, 29% used [0x0000000080000000,0x000000008113a5b8,0x0000000083a00000)
 Metaspace       used 45383K, capacity 47184K, committed 47528K, reserved 1089536K
  class space    used 6150K, capacity 6500K, committed 6576K, reserved 1048576K
}
Event: 6.828 GC heap before
{Heap before GC invocations=13 (full 2):
 PSYoungGen      total 266752K, used 155505K [0x00000000d5580000, 0x00000000e7000000, 0x0000000100000000)
  eden space 253440K, 56% used [0x00000000d5580000,0x00000000de05fc20,0x00000000e4d00000)
  from space 13312K, 99% used [0x00000000e5c00000,0x00000000e68fca60,0x00000000e6900000)
  to   space 15360K, 0% used [0x00000000e4d00000,0x00000000e4d00000,0x00000000e5c00000)
 ParOldGen       total 59392K, used 17641K [0x0000000080000000, 0x0000000083a00000, 0x00000000d5580000)
  object space 59392K, 29% used [0x0000000080000000,0x000000008113a5b8,0x0000000083a00000)
 Metaspace       used 56742K, capacity 59076K, committed 59160K, reserved 1099776K
  class space    used 7776K, capacity 8223K, committed 8240K, reserved 1048576K
Event: 6.852 GC heap after
Heap after GC invocations=13 (full 2):
 PSYoungGen      total 268800K, used 15337K [0x00000000d5580000, 0x00000000ecb00000, 0x0000000100000000)
  eden space 253440K, 0% used [0x00000000d5580000,0x00000000d5580000,0x00000000e4d00000)
  from space 15360K, 99% used [0x00000000e4d00000,0x00000000e5bfa6c0,0x00000000e5c00000)
  to   space 20992K, 0% used [0x00000000eb680000,0x00000000eb680000,0x00000000ecb00000)
 ParOldGen       total 59392K, used 27034K [0x0000000080000000, 0x0000000083a00000, 0x00000000d5580000)
  object space 59392K, 45% used [0x0000000080000000,0x0000000081a66898,0x0000000083a00000)
 Metaspace       used 56742K, capacity 59076K, committed 59160K, reserved 1099776K
  class space    used 7776K, capacity 8223K, committed 8240K, reserved 1048576K
}
Event: 6.852 GC heap before
{Heap before GC invocations=14 (full 3):
 PSYoungGen      total 268800K, used 15337K [0x00000000d5580000, 0x00000000ecb00000, 0x0000000100000000)
  eden space 253440K, 0% used [0x00000000d5580000,0x00000000d5580000,0x00000000e4d00000)
  from space 15360K, 99% used [0x00000000e4d00000,0x00000000e5bfa6c0,0x00000000e5c00000)
  to   space 20992K, 0% used [0x00000000eb680000,0x00000000eb680000,0x00000000ecb00000)
 ParOldGen       total 59392K, used 27034K [0x0000000080000000, 0x0000000083a00000, 0x00000000d5580000)
  object space 59392K, 45% used [0x0000000080000000,0x0000000081a66898,0x0000000083a00000)
 Metaspace       used 56742K, capacity 59076K, committed 59160K, reserved 1099776K
  class space    used 7776K, capacity 8223K, committed 8240K, reserved 1048576K
Event: 7.053 GC heap after
Heap after GC invocations=14 (full 3):
 PSYoungGen      total 268800K, used 0K [0x00000000d5580000, 0x00000000ecb00000, 0x0000000100000000)
  eden space 253440K, 0% used [0x00000000d5580000,0x00000000d5580000,0x00000000e4d00000)
  from space 15360K, 0% used [0x00000000e4d00000,0x00000000e4d00000,0x00000000e5c00000)
  to   space 20992K, 0% used [0x00000000eb680000,0x00000000eb680000,0x00000000ecb00000)
 ParOldGen       total 95744K, used 36517K [0x0000000080000000, 0x0000000085d80000, 0x00000000d5580000)
  object space 95744K, 38% used [0x0000000080000000,0x00000000823a9580,0x0000000085d80000)
 Metaspace       used 56696K, capacity 58920K, committed 59160K, reserved 1099776K
  class space    used 7762K, capacity 8197K, committed 8240K, reserved 1048576K
}
Event: 10.442 GC heap before
{Heap before GC invocations=15 (full 3):
 PSYoungGen      total 268800K, used 253431K [0x00000000d5580000, 0x00000000ecb00000, 0x0000000100000000)
  eden space 253440K, 99% used [0x00000000d5580000,0x00000000e4cfdc60,0x00000000e4d00000)
  from space 15360K, 0% used [0x00000000e4d00000,0x00000000e4d00000,0x00000000e5c00000)
  to   space 20992K, 0% used [0x00000000eb680000,0x00000000eb680000,0x00000000ecb00000)
 ParOldGen       total 95744K, used 36517K [0x0000000080000000, 0x0000000085d80000, 0x00000000d5580000)
  object space 95744K, 38% used [0x0000000080000000,0x00000000823a9580,0x0000000085d80000)
 Metaspace       used 67758K, capacity 71218K, committed 71448K, reserved 1110016K
  class space    used 9331K, capacity 9980K, committed 10032K, reserved 1048576K
Event: 10.464 GC heap after
Heap after GC invocations=15 (full 3):
 PSYoungGen      total 334848K, used 20985K [0x00000000d5580000, 0x00000000ecb00000, 0x0000000100000000)
  eden space 313856K, 0% used [0x00000000d5580000,0x00000000d5580000,0x00000000e8800000)
  from space 20992K, 99% used [0x00000000eb680000,0x00000000ecafe638,0x00000000ecb00000)
  to   space 25600K, 0% used [0x00000000e9900000,0x00000000e9900000,0x00000000eb200000)
 ParOldGen       total 95744K, used 40435K [0x0000000080000000, 0x0000000085d80000, 0x00000000d5580000)
  object space 95744K, 42% used [0x0000000080000000,0x000000008277cca8,0x0000000085d80000)
 Metaspace       used 67758K, capacity 71218K, committed 71448K, reserved 1110016K
  class space    used 9331K, capacity 9980K, committed 10032K, reserved 1048576K
}
Event: 13.023 GC heap before
{Heap before GC invocations=16 (full 3):
 PSYoungGen      total 334848K, used 334841K [0x00000000d5580000, 0x00000000ecb00000, 0x0000000100000000)
  eden space 313856K, 100% used [0x00000000d5580000,0x00000000e8800000,0x00000000e8800000)
  from space 20992K, 99% used [0x00000000eb680000,0x00000000ecafe638,0x00000000ecb00000)
  to   space 25600K, 0% used [0x00000000e9900000,0x00000000e9900000,0x00000000eb200000)
 ParOldGen       total 95744K, used 40435K [0x0000000080000000, 0x0000000085d80000, 0x00000000d5580000)
  object space 95744K, 42% used [0x0000000080000000,0x000000008277cca8,0x0000000085d80000)
 Metaspace       used 75707K, capacity 79614K, committed 79640K, reserved 1118208K
  class space    used 10349K, capacity 11035K, committed 11056K, reserved 1048576K
Event: 13.051 GC heap after
Heap after GC invocations=16 (full 3):
 PSYoungGen      total 356864K, used 14167K [0x00000000d5580000, 0x00000000efc80000, 0x0000000100000000)
  eden space 331264K, 0% used [0x00000000d5580000,0x00000000d5580000,0x00000000e9900000)
  from space 25600K, 55% used [0x00000000e9900000,0x00000000ea6d5f20,0x00000000eb200000)
  to   space 25600K, 0% used [0x00000000ee380000,0x00000000ee380000,0x00000000efc80000)
 ParOldGen       total 95744K, used 52999K [0x0000000080000000, 0x0000000085d80000, 0x00000000d5580000)
  object space 95744K, 55% used [0x0000000080000000,0x00000000833c1d08,0x0000000085d80000)
 Metaspace       used 75707K, capacity 79614K, committed 79640K, reserved 1118208K
  class space    used 10349K, capacity 11035K, committed 11056K, reserved 1048576K
}

