# JRE version: OpenJDK Runtime Environment (8.0_242-b01) (build 1.8.0_242-release-1644-b01)
# Java VM: OpenJDK 64-Bit Server VM (25.242-b01 mixed mode windows-amd64 compressed oops)
Heap:
 PSYoungGen      total 330752K, used 51471K [0x00000000d5580000, 0x00000000ebe00000, 0x0000000100000000)
  eden space 304128K, 8% used [0x00000000d5580000,0x00000000d6dca9a0,0x00000000e7e80000)
  from space 26624K, 99% used [0x00000000e8a00000,0x00000000ea3f9398,0x00000000ea400000)
  to   space 19456K, 0% used [0x00000000eab00000,0x00000000eab00000,0x00000000ebe00000)
 ParOldGen       total 97792K, used 77325K [0x0000000080000000, 0x0000000085f80000, 0x00000000d5580000)
  object space 97792K, 79% used [0x0000000080000000,0x0000000084b83758,0x0000000085f80000)
 Metaspace       used 76784K, capacity 80522K, committed 80664K, reserved 1118208K
  class space    used 10529K, capacity 11210K, committed 11312K, reserved 1048576K
GC Heap History (10 events):
Event: 5.814 GC heap before
{Heap before GC invocations=12 (full 2):
 PSYoungGen      total 201728K, used 189440K [0x00000000d5580000, 0x00000000e6400000, 0x0000000100000000)
  eden space 189440K, 100% used [0x00000000d5580000,0x00000000e0e80000,0x00000000e0e80000)
  from space 12288K, 0% used [0x00000000e0e80000,0x00000000e0e80000,0x00000000e1a80000)
  to   space 13312K, 0% used [0x00000000e5700000,0x00000000e5700000,0x00000000e6400000)
 ParOldGen       total 59904K, used 15891K [0x0000000080000000, 0x0000000083a80000, 0x00000000d5580000)
  object space 59904K, 26% used [0x0000000080000000,0x0000000080f84c08,0x0000000083a80000)
 Metaspace       used 45377K, capacity 47180K, committed 47528K, reserved 1089536K
  class space    used 6150K, capacity 6500K, committed 6576K, reserved 1048576K
Event: 5.829 GC heap after
Heap after GC invocations=12 (full 2):
 PSYoungGen      total 260096K, used 13289K [0x00000000d5580000, 0x00000000e7100000, 0x0000000100000000)
  eden space 246784K, 0% used [0x00000000d5580000,0x00000000d5580000,0x00000000e4680000)
  from space 13312K, 99% used [0x00000000e5700000,0x00000000e63fa688,0x00000000e6400000)
  to   space 16896K, 0% used [0x00000000e4680000,0x00000000e4680000,0x00000000e5700000)
 ParOldGen       total 59904K, used 21412K [0x0000000080000000, 0x0000000083a80000, 0x00000000d5580000)
  object space 59904K, 35% used [0x0000000080000000,0x00000000814e90b0,0x0000000083a80000)
 Metaspace       used 45377K, capacity 47180K, committed 47528K, reserved 1089536K
  class space    used 6150K, capacity 6500K, committed 6576K, reserved 1048576K
}
Event: 7.578 GC heap before
{Heap before GC invocations=13 (full 2):
 PSYoungGen      total 260096K, used 157129K [0x00000000d5580000, 0x00000000e7100000, 0x0000000100000000)
  eden space 246784K, 58% used [0x00000000d5580000,0x00000000de1f7e60,0x00000000e4680000)
  from space 13312K, 99% used [0x00000000e5700000,0x00000000e63fa688,0x00000000e6400000)
  to   space 16896K, 0% used [0x00000000e4680000,0x00000000e4680000,0x00000000e5700000)
 ParOldGen       total 59904K, used 21412K [0x0000000080000000, 0x0000000083a80000, 0x00000000d5580000)
  object space 59904K, 35% used [0x0000000080000000,0x00000000814e90b0,0x0000000083a80000)
 Metaspace       used 56740K, capacity 59076K, committed 59160K, reserved 1099776K
  class space    used 7776K, capacity 8223K, committed 8240K, reserved 1048576K
Event: 7.604 GC heap after
Heap after GC invocations=13 (full 2):
 PSYoungGen      total 263680K, used 16576K [0x00000000d5580000, 0x00000000ebe00000, 0x0000000100000000)
  eden space 246784K, 0% used [0x00000000d5580000,0x00000000d5580000,0x00000000e4680000)
  from space 16896K, 98% used [0x00000000e4680000,0x00000000e56b03e0,0x00000000e5700000)
  to   space 19456K, 0% used [0x00000000eab00000,0x00000000eab00000,0x00000000ebe00000)
 ParOldGen       total 59904K, used 29585K [0x0000000080000000, 0x0000000083a80000, 0x00000000d5580000)
  object space 59904K, 49% used [0x0000000080000000,0x0000000081ce4738,0x0000000083a80000)
 Metaspace       used 56740K, capacity 59076K, committed 59160K, reserved 1099776K
  class space    used 7776K, capacity 8223K, committed 8240K, reserved 1048576K
}
Event: 7.604 GC heap before
{Heap before GC invocations=14 (full 3):
 PSYoungGen      total 263680K, used 16576K [0x00000000d5580000, 0x00000000ebe00000, 0x0000000100000000)
  eden space 246784K, 0% used [0x00000000d5580000,0x00000000d5580000,0x00000000e4680000)
  from space 16896K, 98% used [0x00000000e4680000,0x00000000e56b03e0,0x00000000e5700000)
  to   space 19456K, 0% used [0x00000000eab00000,0x00000000eab00000,0x00000000ebe00000)
 ParOldGen       total 59904K, used 29585K [0x0000000080000000, 0x0000000083a80000, 0x00000000d5580000)
  object space 59904K, 49% used [0x0000000080000000,0x0000000081ce4738,0x0000000083a80000)
 Metaspace       used 56740K, capacity 59076K, committed 59160K, reserved 1099776K
  class space    used 7776K, capacity 8223K, committed 8240K, reserved 1048576K
Event: 7.811 GC heap after
Heap after GC invocations=14 (full 3):
 PSYoungGen      total 263680K, used 0K [0x00000000d5580000, 0x00000000ebe00000, 0x0000000100000000)
  eden space 246784K, 0% used [0x00000000d5580000,0x00000000d5580000,0x00000000e4680000)
  from space 16896K, 0% used [0x00000000e4680000,0x00000000e4680000,0x00000000e5700000)
  to   space 19456K, 0% used [0x00000000eab00000,0x00000000eab00000,0x00000000ebe00000)
 ParOldGen       total 97792K, used 36480K [0x0000000080000000, 0x0000000085f80000, 0x00000000d5580000)
  object space 97792K, 37% used [0x0000000080000000,0x00000000823a0180,0x0000000085f80000)
 Metaspace       used 56694K, capacity 58920K, committed 59160K, reserved 1099776K
  class space    used 7762K, capacity 8197K, committed 8240K, reserved 1048576K
}
Event: 11.852 GC heap before
{Heap before GC invocations=15 (full 3):
 PSYoungGen      total 263680K, used 246784K [0x00000000d5580000, 0x00000000ebe00000, 0x0000000100000000)
  eden space 246784K, 100% used [0x00000000d5580000,0x00000000e4680000,0x00000000e4680000)
  from space 16896K, 0% used [0x00000000e4680000,0x00000000e4680000,0x00000000e5700000)
  to   space 19456K, 0% used [0x00000000eab00000,0x00000000eab00000,0x00000000ebe00000)
 ParOldGen       total 97792K, used 36480K [0x0000000080000000, 0x0000000085f80000, 0x00000000d5580000)
  object space 97792K, 37% used [0x0000000080000000,0x00000000823a0180,0x0000000085f80000)
 Metaspace       used 67374K, capacity 70460K, committed 70808K, reserved 1110016K
  class space    used 9202K, capacity 9795K, committed 9904K, reserved 1048576K
Event: 11.883 GC heap after
Heap after GC invocations=15 (full 3):
 PSYoungGen      total 323584K, used 19439K [0x00000000d5580000, 0x00000000ebe00000, 0x0000000100000000)
  eden space 304128K, 0% used [0x00000000d5580000,0x00000000d5580000,0x00000000e7e80000)
  from space 19456K, 99% used [0x00000000eab00000,0x00000000ebdfbf38,0x00000000ebe00000)
  to   space 26624K, 0% used [0x00000000e8a00000,0x00000000e8a00000,0x00000000ea400000)
 ParOldGen       total 97792K, used 47740K [0x0000000080000000, 0x0000000085f80000, 0x00000000d5580000)
  object space 97792K, 48% used [0x0000000080000000,0x0000000082e9f178,0x0000000085f80000)
 Metaspace       used 67374K, capacity 70460K, committed 70808K, reserved 1110016K
  class space    used 9202K, capacity 9795K, committed 9904K, reserved 1048576K
}
Event: 14.328 GC heap before
{Heap before GC invocations=16 (full 3):
 PSYoungGen      total 323584K, used 323567K [0x00000000d5580000, 0x00000000ebe00000, 0x0000000100000000)
  eden space 304128K, 100% used [0x00000000d5580000,0x00000000e7e80000,0x00000000e7e80000)
  from space 19456K, 99% used [0x00000000eab00000,0x00000000ebdfbf38,0x00000000ebe00000)
  to   space 26624K, 0% used [0x00000000e8a00000,0x00000000e8a00000,0x00000000ea400000)
 ParOldGen       total 97792K, used 47740K [0x0000000080000000, 0x0000000085f80000, 0x00000000d5580000)
  object space 97792K, 48% used [0x0000000080000000,0x0000000082e9f178,0x0000000085f80000)
 Metaspace       used 76626K, capacity 80348K, committed 80664K, reserved 1118208K
  class space    used 10521K, capacity 11205K, committed 11312K, reserved 1048576K
Event: 14.379 GC heap after
Heap after GC invocations=16 (full 3):
 PSYoungGen      total 330752K, used 26596K [0x00000000d5580000, 0x00000000ebe00000, 0x0000000100000000)
  eden space 304128K, 0% used [0x00000000d5580000,0x00000000d5580000,0x00000000e7e80000)
  from space 26624K, 99% used [0x00000000e8a00000,0x00000000ea3f9398,0x00000000ea400000)
  to   space 19456K, 0% used [0x00000000eab00000,0x00000000eab00000,0x00000000ebe00000)
 ParOldGen       total 97792K, used 77325K [0x0000000080000000, 0x0000000085f80000, 0x00000000d5580000)
  object space 97792K, 79% used [0x0000000080000000,0x0000000084b83758,0x0000000085f80000)
 Metaspace       used 76626K, capacity 80348K, committed 80664K, reserved 1118208K
  class space    used 10521K, capacity 11205K, committed 11312K, reserved 1048576K
}

