# JRE version: OpenJDK Runtime Environment (8.0_242-b01) (build 1.8.0_242-release-1644-b01)
# Java VM: OpenJDK 64-Bit Server VM (25.242-b01 mixed mode windows-amd64 compressed oops)
Heap:
 PSYoungGen      total 314880K, used 155178K [0x00000000d5580000, 0x00000000eb200000, 0x0000000100000000)
  eden space 286208K, 46% used [0x00000000d5580000,0x00000000dd6303a8,0x00000000e6d00000)
  from space 28672K, 81% used [0x00000000e8b80000,0x00000000ea25a670,0x00000000ea780000)
  to   space 31232K, 0% used [0x00000000e6d00000,0x00000000e6d00000,0x00000000e8b80000)
 ParOldGen       total 109056K, used 46189K [0x0000000080000000, 0x0000000086a80000, 0x00000000d5580000)
  object space 109056K, 42% used [0x0000000080000000,0x0000000082d1b638,0x0000000086a80000)
 Metaspace       used 90307K, capacity 95125K, committed 95320K, reserved 1132544K
  class space    used 12060K, capacity 13074K, committed 13184K, reserved 1048576K
GC Heap History (10 events):
Event: 8.739 GC heap before
{Heap before GC invocations=13 (full 2):
 PSYoungGen      total 196608K, used 31496K [0x00000000d5580000, 0x00000000e3580000, 0x0000000100000000)
  eden space 181760K, 9% used [0x00000000d5580000,0x00000000d65c7070,0x00000000e0700000)
  from space 14848K, 99% used [0x00000000e1b80000,0x00000000e29fb330,0x00000000e2a00000)
  to   space 20992K, 0% used [0x00000000e0700000,0x00000000e0700000,0x00000000e1b80000)
 ParOldGen       total 74752K, used 27440K [0x0000000080000000, 0x0000000084900000, 0x00000000d5580000)
  object space 74752K, 36% used [0x0000000080000000,0x0000000081acc080,0x0000000084900000)
 Metaspace       used 56421K, capacity 58999K, committed 59028K, reserved 1099776K
  class space    used 7685K, capacity 8192K, committed 8192K, reserved 1048576K
Event: 8.755 GC heap after
Heap after GC invocations=13 (full 2):
 PSYoungGen      total 202752K, used 16138K [0x00000000d5580000, 0x00000000e7500000, 0x0000000100000000)
  eden space 181760K, 0% used [0x00000000d5580000,0x00000000d5580000,0x00000000e0700000)
  from space 20992K, 76% used [0x00000000e0700000,0x00000000e16c2a48,0x00000000e1b80000)
  to   space 22528K, 0% used [0x00000000e5f00000,0x00000000e5f00000,0x00000000e7500000)
 ParOldGen       total 74752K, used 27448K [0x0000000080000000, 0x0000000084900000, 0x00000000d5580000)
  object space 74752K, 36% used [0x0000000080000000,0x0000000081ace080,0x0000000084900000)
 Metaspace       used 56421K, capacity 58999K, committed 59028K, reserved 1099776K
  class space    used 7685K, capacity 8192K, committed 8192K, reserved 1048576K
}
Event: 8.755 GC heap before
{Heap before GC invocations=14 (full 3):
 PSYoungGen      total 202752K, used 16138K [0x00000000d5580000, 0x00000000e7500000, 0x0000000100000000)
  eden space 181760K, 0% used [0x00000000d5580000,0x00000000d5580000,0x00000000e0700000)
  from space 20992K, 76% used [0x00000000e0700000,0x00000000e16c2a48,0x00000000e1b80000)
  to   space 22528K, 0% used [0x00000000e5f00000,0x00000000e5f00000,0x00000000e7500000)
 ParOldGen       total 74752K, used 27448K [0x0000000080000000, 0x0000000084900000, 0x00000000d5580000)
  object space 74752K, 36% used [0x0000000080000000,0x0000000081ace080,0x0000000084900000)
 Metaspace       used 56421K, capacity 58999K, committed 59028K, reserved 1099776K
  class space    used 7685K, capacity 8192K, committed 8192K, reserved 1048576K
Event: 8.966 GC heap after
Heap after GC invocations=14 (full 3):
 PSYoungGen      total 202752K, used 0K [0x00000000d5580000, 0x00000000e7500000, 0x0000000100000000)
  eden space 181760K, 0% used [0x00000000d5580000,0x00000000d5580000,0x00000000e0700000)
  from space 20992K, 0% used [0x00000000e0700000,0x00000000e0700000,0x00000000e1b80000)
  to   space 22528K, 0% used [0x00000000e5f00000,0x00000000e5f00000,0x00000000e7500000)
 ParOldGen       total 109056K, used 30704K [0x0000000080000000, 0x0000000086a80000, 0x00000000d5580000)
  object space 109056K, 28% used [0x0000000080000000,0x0000000081dfc060,0x0000000086a80000)
 Metaspace       used 56370K, capacity 58825K, committed 59028K, reserved 1099776K
  class space    used 7669K, capacity 8163K, committed 8192K, reserved 1048576K
}
Event: 11.055 GC heap before
{Heap before GC invocations=15 (full 3):
 PSYoungGen      total 202752K, used 181760K [0x00000000d5580000, 0x00000000e7500000, 0x0000000100000000)
  eden space 181760K, 100% used [0x00000000d5580000,0x00000000e0700000,0x00000000e0700000)
  from space 20992K, 0% used [0x00000000e0700000,0x00000000e0700000,0x00000000e1b80000)
  to   space 22528K, 0% used [0x00000000e5f00000,0x00000000e5f00000,0x00000000e7500000)
 ParOldGen       total 109056K, used 30704K [0x0000000080000000, 0x0000000086a80000, 0x00000000d5580000)
  object space 109056K, 28% used [0x0000000080000000,0x0000000081dfc060,0x0000000086a80000)
 Metaspace       used 65731K, capacity 68797K, committed 69080K, reserved 1107968K
  class space    used 9065K, capacity 9690K, committed 9728K, reserved 1048576K
Event: 11.070 GC heap after
Heap after GC invocations=15 (full 3):
 PSYoungGen      total 248320K, used 15312K [0x00000000d5580000, 0x00000000e6e00000, 0x0000000100000000)
  eden space 232960K, 0% used [0x00000000d5580000,0x00000000d5580000,0x00000000e3900000)
  from space 15360K, 99% used [0x00000000e5f00000,0x00000000e6df42a8,0x00000000e6e00000)
  to   space 23040K, 0% used [0x00000000e4100000,0x00000000e4100000,0x00000000e5780000)
 ParOldGen       total 109056K, used 30712K [0x0000000080000000, 0x0000000086a80000, 0x00000000d5580000)
  object space 109056K, 28% used [0x0000000080000000,0x0000000081dfe060,0x0000000086a80000)
 Metaspace       used 65731K, capacity 68797K, committed 69080K, reserved 1107968K
  class space    used 9065K, capacity 9690K, committed 9728K, reserved 1048576K
}
Event: 1213.504 GC heap before
{Heap before GC invocations=16 (full 3):
 PSYoungGen      total 248320K, used 248272K [0x00000000d5580000, 0x00000000e6e00000, 0x0000000100000000)
  eden space 232960K, 100% used [0x00000000d5580000,0x00000000e3900000,0x00000000e3900000)
  from space 15360K, 99% used [0x00000000e5f00000,0x00000000e6df42a8,0x00000000e6e00000)
  to   space 23040K, 0% used [0x00000000e4100000,0x00000000e4100000,0x00000000e5780000)
 ParOldGen       total 109056K, used 30712K [0x0000000080000000, 0x0000000086a80000, 0x00000000d5580000)
  object space 109056K, 28% used [0x0000000080000000,0x0000000081dfe060,0x0000000086a80000)
 Metaspace       used 79727K, capacity 83953K, committed 84184K, reserved 1122304K
  class space    used 10792K, capacity 11652K, committed 11776K, reserved 1048576K
Event: 1213.531 GC heap after
Heap after GC invocations=16 (full 3):
 PSYoungGen      total 264192K, used 23012K [0x00000000d5580000, 0x00000000ea780000, 0x0000000100000000)
  eden space 241152K, 0% used [0x00000000d5580000,0x00000000d5580000,0x00000000e4100000)
  from space 23040K, 99% used [0x00000000e4100000,0x00000000e5779378,0x00000000e5780000)
  to   space 28672K, 0% used [0x00000000e8b80000,0x00000000e8b80000,0x00000000ea780000)
 ParOldGen       total 109056K, used 36571K [0x0000000080000000, 0x0000000086a80000, 0x00000000d5580000)
  object space 109056K, 33% used [0x0000000080000000,0x00000000823b6cf8,0x0000000086a80000)
 Metaspace       used 79727K, capacity 83953K, committed 84184K, reserved 1122304K
  class space    used 10792K, capacity 11652K, committed 11776K, reserved 1048576K
}
Event: 1216.532 GC heap before
{Heap before GC invocations=17 (full 3):
 PSYoungGen      total 264192K, used 264164K [0x00000000d5580000, 0x00000000ea780000, 0x0000000100000000)
  eden space 241152K, 100% used [0x00000000d5580000,0x00000000e4100000,0x00000000e4100000)
  from space 23040K, 99% used [0x00000000e4100000,0x00000000e5779378,0x00000000e5780000)
  to   space 28672K, 0% used [0x00000000e8b80000,0x00000000e8b80000,0x00000000ea780000)
 ParOldGen       total 109056K, used 36571K [0x0000000080000000, 0x0000000086a80000, 0x00000000d5580000)
  object space 109056K, 33% used [0x0000000080000000,0x00000000823b6cf8,0x0000000086a80000)
 Metaspace       used 86992K, capacity 91657K, committed 91992K, reserved 1128448K
  class space    used 11643K, capacity 12578K, committed 12672K, reserved 1048576K
Event: 1216.559 GC heap after
Heap after GC invocations=17 (full 3):
 PSYoungGen      total 314880K, used 23401K [0x00000000d5580000, 0x00000000eb200000, 0x0000000100000000)
  eden space 286208K, 0% used [0x00000000d5580000,0x00000000d5580000,0x00000000e6d00000)
  from space 28672K, 81% used [0x00000000e8b80000,0x00000000ea25a670,0x00000000ea780000)
  to   space 31232K, 0% used [0x00000000e6d00000,0x00000000e6d00000,0x00000000e8b80000)
 ParOldGen       total 109056K, used 46189K [0x0000000080000000, 0x0000000086a80000, 0x00000000d5580000)
  object space 109056K, 42% used [0x0000000080000000,0x0000000082d1b638,0x0000000086a80000)
 Metaspace       used 86992K, capacity 91657K, committed 91992K, reserved 1128448K
  class space    used 11643K, capacity 12578K, committed 12672K, reserved 1048576K
}

